Loading data ...
Loading data finished.
train begin
testLoss: 0.874478
testLoss: 0.504979
testLoss: 0.483764
testLoss: 0.473967
testLoss: 0.465005
testLoss: 0.455798
testLoss: 0.446498
testLoss: 0.437062
testLoss: 0.427473
testLoss: 0.417884
testLoss: 0.408529
testLoss: 0.399551
testLoss: 0.390974
testLoss: 0.382758
testLoss: 0.374847
testLoss: 0.367203
testLoss: 0.359808
testLoss: 0.352657
testLoss: 0.345748
testLoss: 0.339082
testLoss: 0.332659
testLoss: 0.326481
testLoss: 0.320548
testLoss: 0.314862
testLoss: 0.309421
testLoss: 0.304227
testLoss: 0.299276
testLoss: 0.294564
testLoss: 0.290085
testLoss: 0.285833
testLoss: 0.281799
testLoss: 0.277973
testLoss: 0.274345
testLoss: 0.270903
testLoss: 0.267636
testLoss: 0.264534
testLoss: 0.261584
testLoss: 0.258778
testLoss: 0.256104
testLoss: 0.253554
testLoss: 0.251117
testLoss: 0.248788
testLoss: 0.246557
testLoss: 0.244417
testLoss: 0.242362
testLoss: 0.240386
testLoss: 0.238483
testLoss: 0.236647
testLoss: 0.234875
testLoss: 0.233162
testLoss: 0.231504
testLoss: 0.229898
testLoss: 0.22834
testLoss: 0.226826
testLoss: 0.225356
testLoss: 0.223925
testLoss: 0.222532
testLoss: 0.221174
testLoss: 0.219849
testLoss: 0.218556
testLoss: 0.217292
testLoss: 0.216056
testLoss: 0.214846
testLoss: 0.213661
testLoss: 0.212499
testLoss: 0.211359
testLoss: 0.210238
testLoss: 0.209136
testLoss: 0.20805
testLoss: 0.20698
testLoss: 0.205923
testLoss: 0.204877
testLoss: 0.203841
testLoss: 0.202813
testLoss: 0.20179
testLoss: 0.20077
testLoss: 0.199749
testLoss: 0.198726
testLoss: 0.197695
testLoss: 0.196655
testLoss: 0.195601
testLoss: 0.194528
testLoss: 0.193432
testLoss: 0.192309
testLoss: 0.191155
testLoss: 0.189968
testLoss: 0.188745
testLoss: 0.187488
testLoss: 0.186198
testLoss: 0.184881
testLoss: 0.183542
testLoss: 0.182191
testLoss: 0.180837
testLoss: 0.179488
testLoss: 0.178154
testLoss: 0.176842
testLoss: 0.175557
testLoss: 0.174303
testLoss: 0.173084
testLoss: 0.1719
train finish
Loading data ...
Loading data finished.
predict accuracy: 0.0035
