Loading data ...
Loading data finished.
Loading data ...
Loading data finished.
lr: 0.01 epochs: 300 batch_size: 64 layerSizeLen: 3

Epoch 1/300
--------------
Train loss: 1.96611
Val loss: 0.661467	Acc: 0.1025
Time for training this epoch: 51.2748s

Epoch 2/300
--------------
Train loss: 0.98909
Val loss: 0.498457	Acc: 0.105
Time for training this epoch: 67.3848s

Epoch 3/300
--------------
Train loss: 0.900487
Val loss: 0.479136	Acc: 0.1405
Time for training this epoch: 47.0927s

Epoch 4/300
--------------
Train loss: 0.875541
Val loss: 0.468727	Acc: 0.1775
Time for training this epoch: 48.5646s

Epoch 5/300
--------------
Train loss: 0.855944
Val loss: 0.459614	Acc: 0.209
Time for training this epoch: 46.5603s

Epoch 6/300
--------------
Train loss: 0.835903
Val loss: 0.450282	Acc: 0.239
Time for training this epoch: 46.9093s

Epoch 7/300
--------------
Train loss: 0.814887
Val loss: 0.440762	Acc: 0.262
Time for training this epoch: 49.7095s

Epoch 8/300
--------------
Train loss: 0.794101
Val loss: 0.431471	Acc: 0.281
Time for training this epoch: 49.1589s

Epoch 9/300
--------------
Train loss: 0.774675
Val loss: 0.422732	Acc: 0.3
Time for training this epoch: 54.4871s

Epoch 10/300
--------------
Train loss: 0.757019
Val loss: 0.414692	Acc: 0.3145
Time for training this epoch: 55.2261s

Epoch 11/300
--------------
Train loss: 0.74112
Val loss: 0.407352	Acc: 0.331
Time for training this epoch: 53.2637s

Epoch 12/300
--------------
Train loss: 0.726702
Val loss: 0.400629	Acc: 0.347
Time for training this epoch: 51.8749s

Epoch 13/300
--------------
Train loss: 0.713428
Val loss: 0.394411	Acc: 0.357
Time for training this epoch: 54.3825s

Epoch 14/300
--------------
Train loss: 0.701016
Val loss: 0.388579	Acc: 0.375
Time for training this epoch: 50.5331s

Epoch 15/300
--------------
Train loss: 0.689219
Val loss: 0.383026	Acc: 0.386
Time for training this epoch: 57.7608s

Epoch 16/300
--------------
Train loss: 0.677837
Val loss: 0.377653	Acc: 0.4
Time for training this epoch: 55.1391s

Epoch 17/300
--------------
Train loss: 0.666738
Val loss: 0.372374	Acc: 0.412
Time for training this epoch: 53.1229s

Epoch 18/300
--------------
Train loss: 0.655774
Val loss: 0.367116	Acc: 0.429
Time for training this epoch: 47.1783s

Epoch 19/300
--------------
Train loss: 0.644851
Val loss: 0.36183	Acc: 0.4375
Time for training this epoch: 46.6643s

Epoch 20/300
--------------
Train loss: 0.633887
Val loss: 0.356489	Acc: 0.447
Time for training this epoch: 48.6231s

Epoch 21/300
--------------
Train loss: 0.622838
Val loss: 0.351094	Acc: 0.458
Time for training this epoch: 49.1886s

Epoch 22/300
--------------
Train loss: 0.611737
Val loss: 0.345675	Acc: 0.468
Time for training this epoch: 48.0233s

Epoch 23/300
--------------
Train loss: 0.600657
Val loss: 0.340288	Acc: 0.4765
Time for training this epoch: 50.022s

Epoch 24/300
--------------
Train loss: 0.589711
Val loss: 0.334998	Acc: 0.4875
Time for training this epoch: 48.7515s

Epoch 25/300
--------------
Train loss: 0.579035
Val loss: 0.329862	Acc: 0.4965
Time for training this epoch: 49.3108s

Epoch 26/300
--------------
Train loss: 0.568712
Val loss: 0.324922	Acc: 0.506
Time for training this epoch: 55.614s

Epoch 27/300
--------------
Train loss: 0.558815
Val loss: 0.320201	Acc: 0.516
Time for training this epoch: 48.677s

Epoch 28/300
--------------
Train loss: 0.549368
Val loss: 0.315708	Acc: 0.524
Time for training this epoch: 49.1489s

Epoch 29/300
--------------
Train loss: 0.540367
Val loss: 0.31144	Acc: 0.5325
Time for training this epoch: 48.9965s

Epoch 30/300
--------------
Train loss: 0.531815
Val loss: 0.307387	Acc: 0.5425
Time for training this epoch: 47.1482s

Epoch 31/300
--------------
Train loss: 0.523672
Val loss: 0.303538	Acc: 0.548
Time for training this epoch: 49.5216s

Epoch 32/300
--------------
Train loss: 0.515908
Val loss: 0.299878	Acc: 0.5615
Time for training this epoch: 49.0977s

Epoch 33/300
--------------
Train loss: 0.508492
Val loss: 0.296392	Acc: 0.5665
Time for training this epoch: 55.9478s

Epoch 34/300
--------------
Train loss: 0.501399
Val loss: 0.293065	Acc: 0.57
Time for training this epoch: 54.7692s

Epoch 35/300
--------------
Train loss: 0.494592
Val loss: 0.289882	Acc: 0.5745
Time for training this epoch: 45.9661s

Epoch 36/300
--------------
Train loss: 0.488033
Val loss: 0.286829	Acc: 0.583
Time for training this epoch: 45.9617s

Epoch 37/300
--------------
Train loss: 0.481713
Val loss: 0.283893	Acc: 0.5875
Time for training this epoch: 45.9061s

Epoch 38/300
--------------
Train loss: 0.475606
Val loss: 0.281061	Acc: 0.5925
Time for training this epoch: 45.8981s

Epoch 39/300
--------------
Train loss: 0.46969
Val loss: 0.278323	Acc: 0.5975
Time for training this epoch: 45.942s

Epoch 40/300
--------------
Train loss: 0.463933
Val loss: 0.275667	Acc: 0.6045
Time for training this epoch: 45.8661s

Epoch 41/300
--------------
Train loss: 0.458322
Val loss: 0.273086	Acc: 0.6115
Time for training this epoch: 46.1171s

Epoch 42/300
--------------
Train loss: 0.452856
Val loss: 0.270574	Acc: 0.619
Time for training this epoch: 46.0426s

Epoch 43/300
--------------
Train loss: 0.447518
Val loss: 0.268123	Acc: 0.6235
Time for training this epoch: 45.9535s

Epoch 44/300
--------------
Train loss: 0.442292
Val loss: 0.265731	Acc: 0.6295
Time for training this epoch: 45.8699s

Epoch 45/300
--------------
Train loss: 0.437189
Val loss: 0.263394	Acc: 0.635
Time for training this epoch: 45.9963s

Epoch 46/300
--------------
Train loss: 0.432189
Val loss: 0.26111	Acc: 0.64
Time for training this epoch: 45.9305s

Epoch 47/300
--------------
Train loss: 0.427302
Val loss: 0.258878	Acc: 0.644
Time for training this epoch: 46.5381s

Epoch 48/300
--------------
Train loss: 0.422511
Val loss: 0.256697	Acc: 0.6465
Time for training this epoch: 46.0638s

Epoch 49/300
--------------
Train loss: 0.41783
Val loss: 0.254568	Acc: 0.6515
Time for training this epoch: 47.0516s

Epoch 50/300
--------------
Train loss: 0.413262
Val loss: 0.252489	Acc: 0.658
Time for training this epoch: 45.9833s

Epoch 51/300
--------------
Train loss: 0.408793
Val loss: 0.250461	Acc: 0.661
Time for training this epoch: 45.8242s

Epoch 52/300
--------------
Train loss: 0.404431
Val loss: 0.248484	Acc: 0.666
Time for training this epoch: 45.9634s

Epoch 53/300
--------------
Train loss: 0.400169
Val loss: 0.246558	Acc: 0.672
Time for training this epoch: 45.8668s

Epoch 54/300
--------------
Train loss: 0.396018
Val loss: 0.244682	Acc: 0.677
Time for training this epoch: 45.8844s

Epoch 55/300
--------------
Train loss: 0.391963
Val loss: 0.242856	Acc: 0.681
Time for training this epoch: 46.0238s

Epoch 56/300
--------------
Train loss: 0.388009
Val loss: 0.241079	Acc: 0.684
Time for training this epoch: 45.8144s

Epoch 57/300
--------------
Train loss: 0.384154
Val loss: 0.23935	Acc: 0.686
Time for training this epoch: 45.9585s

Epoch 58/300
--------------
Train loss: 0.380386
Val loss: 0.237668	Acc: 0.6885
Time for training this epoch: 45.8526s

Epoch 59/300
--------------
Train loss: 0.376706
Val loss: 0.236032	Acc: 0.69
Time for training this epoch: 45.8101s

Epoch 60/300
--------------
Train loss: 0.373115
Val loss: 0.234439	Acc: 0.6935
Time for training this epoch: 45.8523s

Epoch 61/300
--------------
Train loss: 0.369604
Val loss: 0.23289	Acc: 0.697
Time for training this epoch: 46.3261s

Epoch 62/300
--------------
Train loss: 0.366172
Val loss: 0.231383	Acc: 0.698
Time for training this epoch: 45.8124s

Epoch 63/300
--------------
Train loss: 0.362815
Val loss: 0.229915	Acc: 0.7
Time for training this epoch: 45.7576s

Epoch 64/300
--------------
Train loss: 0.359529
Val loss: 0.228487	Acc: 0.702
Time for training this epoch: 45.9296s

Epoch 65/300
--------------
Train loss: 0.356314
Val loss: 0.227096	Acc: 0.703
Time for training this epoch: 45.8023s

Epoch 66/300
--------------
Train loss: 0.353161
Val loss: 0.225742	Acc: 0.703
Time for training this epoch: 45.8473s

Epoch 67/300
--------------
Train loss: 0.350073
Val loss: 0.224424	Acc: 0.7075
Time for training this epoch: 45.9551s

Epoch 68/300
--------------
Train loss: 0.347053
Val loss: 0.22314	Acc: 0.7105
Time for training this epoch: 45.9297s

Epoch 69/300
--------------
Train loss: 0.344095
Val loss: 0.221889	Acc: 0.7125
Time for training this epoch: 45.8701s

Epoch 70/300
--------------
Train loss: 0.341189
Val loss: 0.220671	Acc: 0.715
Time for training this epoch: 45.8216s

Epoch 71/300
--------------
Train loss: 0.338342
Val loss: 0.219484	Acc: 0.718
Time for training this epoch: 45.9122s

Epoch 72/300
--------------
Train loss: 0.335551
Val loss: 0.218327	Acc: 0.7185
Time for training this epoch: 45.8633s

Epoch 73/300
--------------
Train loss: 0.332819
Val loss: 0.2172	Acc: 0.7205
Time for training this epoch: 45.8737s

Epoch 74/300
--------------
Train loss: 0.330138
Val loss: 0.216103	Acc: 0.722
Time for training this epoch: 45.957s

Epoch 75/300
--------------
Train loss: 0.327517
Val loss: 0.215033	Acc: 0.725
Time for training this epoch: 45.9182s

Epoch 76/300
--------------
Train loss: 0.324941
Val loss: 0.213991	Acc: 0.725
Time for training this epoch: 45.8167s

Epoch 77/300
--------------
Train loss: 0.32242
Val loss: 0.212975	Acc: 0.724
Time for training this epoch: 45.9123s

Epoch 78/300
--------------
Train loss: 0.319947
Val loss: 0.211985	Acc: 0.726
Time for training this epoch: 45.8999s

Epoch 79/300
--------------
Train loss: 0.317529
Val loss: 0.21102	Acc: 0.7275
Time for training this epoch: 45.9014s

Epoch 80/300
--------------
Train loss: 0.315158
Val loss: 0.210079	Acc: 0.7275
Time for training this epoch: 46.0659s

Epoch 81/300
--------------
Train loss: 0.312838
Val loss: 0.209161	Acc: 0.729
Time for training this epoch: 45.8215s

Epoch 82/300
--------------
Train loss: 0.310564
Val loss: 0.208266	Acc: 0.7305
Time for training this epoch: 45.7669s

Epoch 83/300
--------------
Train loss: 0.308335
Val loss: 0.207393	Acc: 0.7305
Time for training this epoch: 45.8714s

Epoch 84/300
--------------
Train loss: 0.306156
Val loss: 0.20654	Acc: 0.732
Time for training this epoch: 45.8092s

Epoch 85/300
--------------
Train loss: 0.304023
Val loss: 0.205707	Acc: 0.733
Time for training this epoch: 45.802s

Epoch 86/300
--------------
Train loss: 0.301936
Val loss: 0.204893	Acc: 0.733
Time for training this epoch: 45.8214s

Epoch 87/300
--------------
Train loss: 0.299888
Val loss: 0.204099	Acc: 0.734
Time for training this epoch: 45.8908s

Epoch 88/300
--------------
Train loss: 0.297887
Val loss: 0.203321	Acc: 0.7345
Time for training this epoch: 45.7841s

Epoch 89/300
--------------
Train loss: 0.295923
Val loss: 0.202561	Acc: 0.7345
Time for training this epoch: 45.812s

Epoch 90/300
--------------
Train loss: 0.294001
Val loss: 0.201816	Acc: 0.737
Time for training this epoch: 45.8878s

Epoch 91/300
--------------
Train loss: 0.292117
Val loss: 0.201088	Acc: 0.7395
Time for training this epoch: 45.8183s

Epoch 92/300
--------------
Train loss: 0.290268
Val loss: 0.200374	Acc: 0.741
Time for training this epoch: 45.8538s

Epoch 93/300
--------------
Train loss: 0.288459
Val loss: 0.199674	Acc: 0.743
Time for training this epoch: 46.0214s

Epoch 94/300
--------------
Train loss: 0.286685
Val loss: 0.198988	Acc: 0.744
Time for training this epoch: 45.8717s

Epoch 95/300
--------------
Train loss: 0.284949
Val loss: 0.198315	Acc: 0.744
Time for training this epoch: 45.7864s

Epoch 96/300
--------------
Train loss: 0.28324
Val loss: 0.197655	Acc: 0.7445
Time for training this epoch: 45.9335s

Epoch 97/300
--------------
Train loss: 0.281572
Val loss: 0.197006	Acc: 0.746
Time for training this epoch: 45.8965s

Epoch 98/300
--------------
Train loss: 0.279928
Val loss: 0.19637	Acc: 0.7475
Time for training this epoch: 46.0464s

Epoch 99/300
--------------
Train loss: 0.278321
Val loss: 0.195743	Acc: 0.748
Time for training this epoch: 46.1121s

Epoch 100/300
--------------
Train loss: 0.276742
Val loss: 0.195128	Acc: 0.7495
Time for training this epoch: 45.8966s

Epoch 101/300
--------------
Train loss: 0.275196
Val loss: 0.194523	Acc: 0.7505
Time for training this epoch: 45.8914s

Epoch 102/300
--------------
Train loss: 0.27367
Val loss: 0.193928	Acc: 0.752
Time for training this epoch: 45.8182s

Epoch 103/300
--------------
Train loss: 0.272177
Val loss: 0.193341	Acc: 0.7525
Time for training this epoch: 45.8903s

Epoch 104/300
--------------
Train loss: 0.270708
Val loss: 0.192765	Acc: 0.7535
Time for training this epoch: 45.8079s

Epoch 105/300
--------------
Train loss: 0.269264
Val loss: 0.192197	Acc: 0.753
Time for training this epoch: 45.8909s

Epoch 106/300
--------------
Train loss: 0.267848
Val loss: 0.191637	Acc: 0.7545
Time for training this epoch: 45.9584s

Epoch 107/300
--------------
Train loss: 0.266457
Val loss: 0.191086	Acc: 0.7555
Time for training this epoch: 45.9319s

Epoch 108/300
--------------
Train loss: 0.265088
Val loss: 0.190543	Acc: 0.7555
Time for training this epoch: 45.9473s

Epoch 109/300
--------------
Train loss: 0.263739
Val loss: 0.190007	Acc: 0.7565
Time for training this epoch: 45.8352s

Epoch 110/300
--------------
Train loss: 0.262421
Val loss: 0.189479	Acc: 0.7575
Time for training this epoch: 45.8141s

Epoch 111/300
--------------
Train loss: 0.261118
Val loss: 0.188958	Acc: 0.758
Time for training this epoch: 45.8696s

Epoch 112/300
--------------
Train loss: 0.259839
Val loss: 0.188445	Acc: 0.7585
Time for training this epoch: 45.9587s

Epoch 113/300
--------------
Train loss: 0.258578
Val loss: 0.187938	Acc: 0.7585
Time for training this epoch: 45.8752s

Epoch 114/300
--------------
Train loss: 0.257338
Val loss: 0.187439	Acc: 0.7595
Time for training this epoch: 45.8212s

Epoch 115/300
--------------
Train loss: 0.25612
Val loss: 0.186945	Acc: 0.761
Time for training this epoch: 45.862s

Epoch 116/300
--------------
Train loss: 0.25492
Val loss: 0.186459	Acc: 0.762
Time for training this epoch: 45.8199s

Epoch 117/300
--------------
Train loss: 0.25374
Val loss: 0.185978	Acc: 0.763
Time for training this epoch: 45.7964s

Epoch 118/300
--------------
Train loss: 0.252575
Val loss: 0.185503	Acc: 0.764
Time for training this epoch: 45.8915s

Epoch 119/300
--------------
Train loss: 0.251429
Val loss: 0.185035	Acc: 0.7655
Time for training this epoch: 45.9742s

Epoch 120/300
--------------
Train loss: 0.250301
Val loss: 0.184573	Acc: 0.7655
Time for training this epoch: 45.8482s

Epoch 121/300
--------------
Train loss: 0.249189
Val loss: 0.184116	Acc: 0.767
Time for training this epoch: 45.8444s

Epoch 122/300
--------------
Train loss: 0.248094
Val loss: 0.183664	Acc: 0.7695
Time for training this epoch: 45.8525s

Epoch 123/300
--------------
Train loss: 0.247016
Val loss: 0.183218	Acc: 0.771
Time for training this epoch: 45.836s

Epoch 124/300
--------------
Train loss: 0.245951
Val loss: 0.182778	Acc: 0.7715
Time for training this epoch: 45.9115s

Epoch 125/300
--------------
Train loss: 0.244905
Val loss: 0.182343	Acc: 0.7725
Time for training this epoch: 45.9436s

Epoch 126/300
--------------
Train loss: 0.243873
Val loss: 0.181913	Acc: 0.7725
Time for training this epoch: 45.86s

Epoch 127/300
--------------
Train loss: 0.24285
Val loss: 0.181488	Acc: 0.774
Time for training this epoch: 45.8039s

Epoch 128/300
--------------
Train loss: 0.241846
Val loss: 0.181068	Acc: 0.7755
Time for training this epoch: 45.9013s

Epoch 129/300
--------------
Train loss: 0.240856
Val loss: 0.180653	Acc: 0.776
Time for training this epoch: 45.9545s

Epoch 130/300
--------------
Train loss: 0.239877
Val loss: 0.180243	Acc: 0.777
Time for training this epoch: 45.8565s

Epoch 131/300
--------------
Train loss: 0.238913
Val loss: 0.179837	Acc: 0.7755
Time for training this epoch: 45.9421s

Epoch 132/300
--------------
Train loss: 0.237959
Val loss: 0.179436	Acc: 0.7755
Time for training this epoch: 48.918s

Epoch 133/300
--------------
Train loss: 0.237021
Val loss: 0.17904	Acc: 0.7755
Time for training this epoch: 53.1906s

Epoch 134/300
--------------
Train loss: 0.236095
Val loss: 0.178648	Acc: 0.777
Time for training this epoch: 55.4411s

Epoch 135/300
--------------
Train loss: 0.23518
Val loss: 0.178261	Acc: 0.777
Time for training this epoch: 47.0544s

Epoch 136/300
--------------
Train loss: 0.234277
Val loss: 0.177877	Acc: 0.778
Time for training this epoch: 46.1594s

Epoch 137/300
--------------
Train loss: 0.233386
Val loss: 0.177499	Acc: 0.778
Time for training this epoch: 46.0872s

Epoch 138/300
--------------
Train loss: 0.232505
Val loss: 0.177124	Acc: 0.778
Time for training this epoch: 46.0213s

Epoch 139/300
--------------
Train loss: 0.231639
Val loss: 0.176753	Acc: 0.778
Time for training this epoch: 45.9858s

Epoch 140/300
--------------
Train loss: 0.23078
Val loss: 0.176386	Acc: 0.779
Time for training this epoch: 46.1079s
decay

Epoch 141/300
--------------
Train loss: 0.229931
Val loss: 0.176023	Acc: 0.7795
Time for training this epoch: 46.1764s

Epoch 142/300
--------------
Train loss: 0.229096
Val loss: 0.175665	Acc: 0.7795
Time for training this epoch: 45.9943s

Epoch 143/300
--------------
Train loss: 0.22827
Val loss: 0.175309	Acc: 0.7815
Time for training this epoch: 46.0851s

Epoch 144/300
--------------
Train loss: 0.227455
Val loss: 0.174958	Acc: 0.782
Time for training this epoch: 46.1537s

Epoch 145/300
--------------
Train loss: 0.226648
Val loss: 0.174611	Acc: 0.782
Time for training this epoch: 46.6484s

Epoch 146/300
--------------
Train loss: 0.225852
Val loss: 0.174267	Acc: 0.782
Time for training this epoch: 45.9508s

Epoch 147/300
--------------
Train loss: 0.225062
Val loss: 0.173927	Acc: 0.782
Time for training this epoch: 46.4764s

Epoch 148/300
--------------
Train loss: 0.224285
Val loss: 0.17359	Acc: 0.783
Time for training this epoch: 45.8047s

Epoch 149/300
--------------
Train loss: 0.223516
Val loss: 0.173257	Acc: 0.7845
Time for training this epoch: 45.8393s

Epoch 150/300
--------------
Train loss: 0.222759
Val loss: 0.172927	Acc: 0.786
Time for training this epoch: 45.8147s

Epoch 151/300
--------------
Train loss: 0.222008
Val loss: 0.172601	Acc: 0.7855
Time for training this epoch: 45.9111s

Epoch 152/300
--------------
Train loss: 0.221265
Val loss: 0.172278	Acc: 0.785
Time for training this epoch: 45.7212s

Epoch 153/300
--------------
Train loss: 0.220529
Val loss: 0.171958	Acc: 0.7855
Time for training this epoch: 45.7857s

Epoch 154/300
--------------
Train loss: 0.219803
Val loss: 0.171641	Acc: 0.7855
Time for training this epoch: 45.8699s

Epoch 155/300
--------------
Train loss: 0.219086
Val loss: 0.171328	Acc: 0.7865
Time for training this epoch: 45.8108s

Epoch 156/300
--------------
Train loss: 0.218375
Val loss: 0.171018	Acc: 0.788
Time for training this epoch: 45.9014s

Epoch 157/300
--------------
Train loss: 0.217671
Val loss: 0.170711	Acc: 0.789
Time for training this epoch: 45.7293s

Epoch 158/300
--------------
Train loss: 0.216977
Val loss: 0.170406	Acc: 0.79
Time for training this epoch: 45.8036s

Epoch 159/300
--------------
Train loss: 0.216289
Val loss: 0.170105	Acc: 0.79
Time for training this epoch: 45.7947s

Epoch 160/300
--------------
Train loss: 0.21561
Val loss: 0.169807	Acc: 0.7895
Time for training this epoch: 48.1937s

Epoch 161/300
--------------
Train loss: 0.214938
Val loss: 0.169512	Acc: 0.79
Time for training this epoch: 46.6038s

Epoch 162/300
--------------
Train loss: 0.214274
Val loss: 0.16922	Acc: 0.79
Time for training this epoch: 46.5234s

Epoch 163/300
--------------
Train loss: 0.213617
Val loss: 0.16893	Acc: 0.79
Time for training this epoch: 46.6523s

Epoch 164/300
--------------
Train loss: 0.212963
Val loss: 0.168644	Acc: 0.7905
Time for training this epoch: 48.8945s

Epoch 165/300
--------------
Train loss: 0.212317
Val loss: 0.16836	Acc: 0.7905
Time for training this epoch: 54.9303s

Epoch 166/300
--------------
Train loss: 0.211679
Val loss: 0.168078	Acc: 0.7905
Time for training this epoch: 48.8932s

Epoch 167/300
--------------
Train loss: 0.211047
Val loss: 0.167799	Acc: 0.7915
Time for training this epoch: 51.8413s

Epoch 168/300
--------------
Train loss: 0.210421
Val loss: 0.167524	Acc: 0.7915
Time for training this epoch: 54.4941s

Epoch 169/300
--------------
Train loss: 0.209801
Val loss: 0.16725	Acc: 0.7925
Time for training this epoch: 51.7971s

Epoch 170/300
--------------
Train loss: 0.209187
Val loss: 0.16698	Acc: 0.7935
Time for training this epoch: 52.3045s

Epoch 171/300
--------------
Train loss: 0.20858
Val loss: 0.166711	Acc: 0.794
Time for training this epoch: 52.0147s

Epoch 172/300
--------------
Train loss: 0.207978
Val loss: 0.166445	Acc: 0.794
Time for training this epoch: 47.1882s

Epoch 173/300
--------------
Train loss: 0.207382
Val loss: 0.166182	Acc: 0.794
Time for training this epoch: 47.0168s

Epoch 174/300
--------------
Train loss: 0.206792
Val loss: 0.165921	Acc: 0.794
Time for training this epoch: 50.0682s

Epoch 175/300
--------------
Train loss: 0.206209
Val loss: 0.165663	Acc: 0.7945
Time for training this epoch: 46.9038s

Epoch 176/300
--------------
Train loss: 0.20563
Val loss: 0.165406	Acc: 0.794
Time for training this epoch: 47.66s

Epoch 177/300
--------------
Train loss: 0.205057
Val loss: 0.165153	Acc: 0.7945
Time for training this epoch: 50.6358s

Epoch 178/300
--------------
Train loss: 0.204491
Val loss: 0.164901	Acc: 0.7945
Time for training this epoch: 47.4538s

Epoch 179/300
--------------
Train loss: 0.203929
Val loss: 0.164652	Acc: 0.7945
Time for training this epoch: 47.558s

Epoch 180/300
--------------
Train loss: 0.203372
Val loss: 0.164404	Acc: 0.795
Time for training this epoch: 47.9712s

Epoch 181/300
--------------
Train loss: 0.202819
Val loss: 0.164159	Acc: 0.796
Time for training this epoch: 49.061s

Epoch 182/300
--------------
Train loss: 0.202272
Val loss: 0.163917	Acc: 0.796
Time for training this epoch: 47.4358s

Epoch 183/300
--------------
Train loss: 0.201732
Val loss: 0.163676	Acc: 0.7965
Time for training this epoch: 49.7152s

Epoch 184/300
--------------
Train loss: 0.201193
Val loss: 0.163437	Acc: 0.797
Time for training this epoch: 50.9253s

Epoch 185/300
--------------
Train loss: 0.200661
Val loss: 0.163201	Acc: 0.797
Time for training this epoch: 50.3629s

Epoch 186/300
--------------
Train loss: 0.200134
Val loss: 0.162966	Acc: 0.7975
Time for training this epoch: 46.8848s

Epoch 187/300
--------------
Train loss: 0.199614
Val loss: 0.162734	Acc: 0.7975
Time for training this epoch: 46.2744s

Epoch 188/300
--------------
Train loss: 0.199093
Val loss: 0.162504	Acc: 0.798
Time for training this epoch: 46.3883s

Epoch 189/300
--------------
Train loss: 0.198579
Val loss: 0.162275	Acc: 0.7975
Time for training this epoch: 46.525s

Epoch 190/300
--------------
Train loss: 0.198071
Val loss: 0.162049	Acc: 0.798
Time for training this epoch: 46.5014s

Epoch 191/300
--------------
Train loss: 0.197567
Val loss: 0.161824	Acc: 0.798
Time for training this epoch: 46.5104s

Epoch 192/300
--------------
Train loss: 0.197068
Val loss: 0.161601	Acc: 0.798
Time for training this epoch: 46.3817s

Epoch 193/300
--------------
Train loss: 0.196571
Val loss: 0.16138	Acc: 0.798
Time for training this epoch: 46.33s

Epoch 194/300
--------------
Train loss: 0.196079
Val loss: 0.161161	Acc: 0.7985
Time for training this epoch: 46.4534s

Epoch 195/300
--------------
Train loss: 0.195593
Val loss: 0.160944	Acc: 0.799
Time for training this epoch: 46.6666s

Epoch 196/300
--------------
Train loss: 0.195109
Val loss: 0.160729	Acc: 0.8
Time for training this epoch: 46.4706s

Epoch 197/300
--------------
Train loss: 0.194629
Val loss: 0.160515	Acc: 0.8005
Time for training this epoch: 46.3731s

Epoch 198/300
--------------
Train loss: 0.194153
Val loss: 0.160303	Acc: 0.8015
Time for training this epoch: 48.4443s

Epoch 199/300
--------------
Train loss: 0.193682
Val loss: 0.160093	Acc: 0.802
Time for training this epoch: 46.4571s

Epoch 200/300
--------------
Train loss: 0.193214
Val loss: 0.159884	Acc: 0.803
Time for training this epoch: 47.6117s

Epoch 201/300
--------------
Train loss: 0.192749
Val loss: 0.159677	Acc: 0.8035
Time for training this epoch: 51.6124s

Epoch 202/300
--------------
Train loss: 0.192289
Val loss: 0.159472	Acc: 0.804
Time for training this epoch: 47.9661s

Epoch 203/300
--------------
Train loss: 0.191832
Val loss: 0.159269	Acc: 0.804
Time for training this epoch: 47.7334s

Epoch 204/300
--------------
Train loss: 0.191379
Val loss: 0.159067	Acc: 0.804
Time for training this epoch: 46.1587s

Epoch 205/300
--------------
Train loss: 0.190931
Val loss: 0.158866	Acc: 0.804
Time for training this epoch: 49.9191s

Epoch 206/300
--------------
Train loss: 0.190485
Val loss: 0.158667	Acc: 0.804
Time for training this epoch: 50.1528s

Epoch 207/300
--------------
Train loss: 0.190045
Val loss: 0.15847	Acc: 0.805
Time for training this epoch: 50.5982s

Epoch 208/300
--------------
Train loss: 0.189605
Val loss: 0.158275	Acc: 0.805
Time for training this epoch: 49.2491s

Epoch 209/300
--------------
Train loss: 0.18917
Val loss: 0.15808	Acc: 0.805
Time for training this epoch: 48.712s

Epoch 210/300
--------------
Train loss: 0.188738
Val loss: 0.157888	Acc: 0.805
Time for training this epoch: 47.5501s

Epoch 211/300
--------------
Train loss: 0.188311
Val loss: 0.157697	Acc: 0.805
Time for training this epoch: 46.7691s

Epoch 212/300
--------------
Train loss: 0.187885
Val loss: 0.157507	Acc: 0.805
Time for training this epoch: 49.0126s

Epoch 213/300
--------------
Train loss: 0.187461
Val loss: 0.157319	Acc: 0.805
Time for training this epoch: 48.5833s

Epoch 214/300
--------------
Train loss: 0.187043
Val loss: 0.157132	Acc: 0.805
Time for training this epoch: 45.7753s

Epoch 215/300
--------------
Train loss: 0.186628
Val loss: 0.156946	Acc: 0.8055
Time for training this epoch: 49.6175s

Epoch 216/300
--------------
Train loss: 0.186215
Val loss: 0.156762	Acc: 0.8055
Time for training this epoch: 50.7198s

Epoch 217/300
--------------
Train loss: 0.185806
Val loss: 0.156579	Acc: 0.8055
Time for training this epoch: 49.7328s

Epoch 218/300
--------------
Train loss: 0.1854
Val loss: 0.156398	Acc: 0.8055
Time for training this epoch: 47.2477s

Epoch 219/300
--------------
Train loss: 0.184995
Val loss: 0.156218	Acc: 0.8055
Time for training this epoch: 47.6161s

Epoch 220/300
--------------
Train loss: 0.184595
Val loss: 0.156039	Acc: 0.8065
Time for training this epoch: 48.9537s

Epoch 221/300
--------------
Train loss: 0.184198
Val loss: 0.155861	Acc: 0.807
Time for training this epoch: 46.9766s

Epoch 222/300
--------------
Train loss: 0.183804
Val loss: 0.155685	Acc: 0.8075
Time for training this epoch: 46.2885s

Epoch 223/300
--------------
Train loss: 0.183412
Val loss: 0.155511	Acc: 0.8075
Time for training this epoch: 48.699s

Epoch 224/300
--------------
Train loss: 0.183023
Val loss: 0.155337	Acc: 0.8075
Time for training this epoch: 47.763s

Epoch 225/300
--------------
Train loss: 0.182638
Val loss: 0.155164	Acc: 0.8075
Time for training this epoch: 48.1683s

Epoch 226/300
--------------
Train loss: 0.182254
Val loss: 0.154993	Acc: 0.808
Time for training this epoch: 46.6016s

Epoch 227/300
--------------
Train loss: 0.181875
Val loss: 0.154823	Acc: 0.808
Time for training this epoch: 45.8741s

Epoch 228/300
--------------
Train loss: 0.181497
Val loss: 0.154655	Acc: 0.808
Time for training this epoch: 49.3062s

Epoch 229/300
--------------
Train loss: 0.181122
Val loss: 0.154487	Acc: 0.8085
Time for training this epoch: 50.4975s

Epoch 230/300
--------------
Train loss: 0.180749
Val loss: 0.154321	Acc: 0.809
Time for training this epoch: 46.9585s

Epoch 231/300
--------------
Train loss: 0.180377
Val loss: 0.154155	Acc: 0.809
Time for training this epoch: 46.4674s

Epoch 232/300
--------------
Train loss: 0.180011
Val loss: 0.153992	Acc: 0.809
Time for training this epoch: 49.7618s

Epoch 233/300
--------------
Train loss: 0.179646
Val loss: 0.153828	Acc: 0.8095
Time for training this epoch: 49.9388s

Epoch 234/300
--------------
Train loss: 0.179284
Val loss: 0.153667	Acc: 0.8095
Time for training this epoch: 49.8092s

Epoch 235/300
--------------
Train loss: 0.178924
Val loss: 0.153506	Acc: 0.8095
Time for training this epoch: 49.0322s

Epoch 236/300
--------------
Train loss: 0.178565
Val loss: 0.153346	Acc: 0.81
Time for training this epoch: 48.4208s

Epoch 237/300
--------------
Train loss: 0.178211
Val loss: 0.153188	Acc: 0.8105
Time for training this epoch: 49.6415s

Epoch 238/300
--------------
Train loss: 0.177859
Val loss: 0.15303	Acc: 0.8115
Time for training this epoch: 48.0222s

Epoch 239/300
--------------
Train loss: 0.177507
Val loss: 0.152874	Acc: 0.8115
Time for training this epoch: 50.9869s

Epoch 240/300
--------------
Train loss: 0.177159
Val loss: 0.152719	Acc: 0.8115
Time for training this epoch: 49.0951s

Epoch 241/300
--------------
Train loss: 0.176814
Val loss: 0.152564	Acc: 0.812
Time for training this epoch: 49.9739s

Epoch 242/300
--------------
Train loss: 0.17647
Val loss: 0.152411	Acc: 0.8115
Time for training this epoch: 50.371s

Epoch 243/300
--------------
Train loss: 0.17613
Val loss: 0.152259	Acc: 0.8115
Time for training this epoch: 47.782s

Epoch 244/300
--------------
Train loss: 0.175791
Val loss: 0.152107	Acc: 0.8115
Time for training this epoch: 46.8338s

Epoch 245/300
--------------
Train loss: 0.175453
Val loss: 0.151957	Acc: 0.8115
Time for training this epoch: 45.7232s

Epoch 246/300
--------------
Train loss: 0.175119
Val loss: 0.151808	Acc: 0.8115
Time for training this epoch: 46.5849s

Epoch 247/300
--------------
Train loss: 0.174785
Val loss: 0.15166	Acc: 0.8115
Time for training this epoch: 45.7747s

Epoch 248/300
--------------
Train loss: 0.174455
Val loss: 0.151512	Acc: 0.8115
Time for training this epoch: 46.5833s

Epoch 249/300
--------------
Train loss: 0.174128
Val loss: 0.151366	Acc: 0.8115
Time for training this epoch: 47.7278s

Epoch 250/300
--------------
Train loss: 0.1738
Val loss: 0.15122	Acc: 0.812
Time for training this epoch: 48.3176s

Epoch 251/300
--------------
Train loss: 0.173476
Val loss: 0.151076	Acc: 0.812
Time for training this epoch: 47.4918s

Epoch 252/300
--------------
Train loss: 0.173154
Val loss: 0.150932	Acc: 0.812
Time for training this epoch: 46.5743s

Epoch 253/300
--------------
Train loss: 0.172834
Val loss: 0.150789	Acc: 0.812
Time for training this epoch: 48.1674s

Epoch 254/300
--------------
Train loss: 0.172515
Val loss: 0.150647	Acc: 0.812
Time for training this epoch: 49.9412s

Epoch 255/300
--------------
Train loss: 0.172201
Val loss: 0.150506	Acc: 0.8125
Time for training this epoch: 51.9309s

Epoch 256/300
--------------
Train loss: 0.171886
Val loss: 0.150366	Acc: 0.8125
Time for training this epoch: 47.6906s

Epoch 257/300
--------------
Train loss: 0.171575
Val loss: 0.150227	Acc: 0.813
Time for training this epoch: 46.4574s

Epoch 258/300
--------------
Train loss: 0.171264
Val loss: 0.150089	Acc: 0.813
Time for training this epoch: 54.4887s

Epoch 259/300
--------------
Train loss: 0.170956
Val loss: 0.149951	Acc: 0.813
Time for training this epoch: 54.9485s

Epoch 260/300
--------------
Train loss: 0.17065
Val loss: 0.149815	Acc: 0.813
Time for training this epoch: 48.1518s

Epoch 261/300
--------------
Train loss: 0.170346
Val loss: 0.149679	Acc: 0.813
Time for training this epoch: 46.2138s

Epoch 262/300
--------------
Train loss: 0.170042
Val loss: 0.149544	Acc: 0.813
Time for training this epoch: 45.7279s

Epoch 263/300
--------------
Train loss: 0.16974
Val loss: 0.14941	Acc: 0.813
Time for training this epoch: 45.7225s

Epoch 264/300
--------------
Train loss: 0.169443
Val loss: 0.149277	Acc: 0.813
Time for training this epoch: 48.3603s

Epoch 265/300
--------------
Train loss: 0.169145
Val loss: 0.149144	Acc: 0.813
Time for training this epoch: 56.7841s

Epoch 266/300
--------------
Train loss: 0.16885
Val loss: 0.149013	Acc: 0.813
Time for training this epoch: 58.7079s

Epoch 267/300
--------------
Train loss: 0.168556
Val loss: 0.148881	Acc: 0.813
Time for training this epoch: 48.7156s

Epoch 268/300
--------------
Train loss: 0.168265
Val loss: 0.148751	Acc: 0.813
Time for training this epoch: 46.6768s

Epoch 269/300
--------------
Train loss: 0.167973
Val loss: 0.148622	Acc: 0.8135
Time for training this epoch: 49.0909s

Epoch 270/300
--------------
Train loss: 0.167685
Val loss: 0.148493	Acc: 0.8135
Time for training this epoch: 52.6503s

Epoch 271/300
--------------
Train loss: 0.167397
Val loss: 0.148365	Acc: 0.814
Time for training this epoch: 45.7854s

Epoch 272/300
--------------
Train loss: 0.167111
Val loss: 0.148238	Acc: 0.8145
Time for training this epoch: 50.531s

Epoch 273/300
--------------
Train loss: 0.166829
Val loss: 0.148112	Acc: 0.8145
Time for training this epoch: 49.3304s

Epoch 274/300
--------------
Train loss: 0.166546
Val loss: 0.147986	Acc: 0.8145
Time for training this epoch: 46.784s

Epoch 275/300
--------------
Train loss: 0.166265
Val loss: 0.147861	Acc: 0.815
Time for training this epoch: 52.5819s

Epoch 276/300
--------------
Train loss: 0.165986
Val loss: 0.147737	Acc: 0.815
Time for training this epoch: 56.0508s

Epoch 277/300
--------------
Train loss: 0.16571
Val loss: 0.147614	Acc: 0.815
Time for training this epoch: 55.9784s

Epoch 278/300
--------------
Train loss: 0.165434
Val loss: 0.147491	Acc: 0.815
Time for training this epoch: 51.6747s

Epoch 279/300
--------------
Train loss: 0.165159
Val loss: 0.147369	Acc: 0.8155
Time for training this epoch: 50.7075s

Epoch 280/300
--------------
Train loss: 0.164887
Val loss: 0.147248	Acc: 0.8155
Time for training this epoch: 53.1434s
decay

Epoch 281/300
--------------
Train loss: 0.164614
Val loss: 0.147127	Acc: 0.8165
Time for training this epoch: 55.2919s

Epoch 282/300
--------------
Train loss: 0.164345
Val loss: 0.147007	Acc: 0.817
Time for training this epoch: 56.6s

Epoch 283/300
--------------
Train loss: 0.164077
Val loss: 0.146887	Acc: 0.818
Time for training this epoch: 62.2422s

Epoch 284/300
--------------
Train loss: 0.16381
Val loss: 0.146769	Acc: 0.818
Time for training this epoch: 52.736s

Epoch 285/300
--------------
Train loss: 0.163545
Val loss: 0.146651	Acc: 0.8185
Time for training this epoch: 56.9016s

Epoch 286/300
--------------
Train loss: 0.163282
Val loss: 0.146534	Acc: 0.8185
Time for training this epoch: 53.5032s

Epoch 287/300
--------------
Train loss: 0.16302
Val loss: 0.146417	Acc: 0.8185
Time for training this epoch: 49.1676s

Epoch 288/300
--------------
Train loss: 0.162758
Val loss: 0.146301	Acc: 0.819
Time for training this epoch: 45.9456s

Epoch 289/300
--------------
Train loss: 0.1625
Val loss: 0.146185	Acc: 0.819
Time for training this epoch: 46.1127s

Epoch 290/300
--------------
Train loss: 0.162243
Val loss: 0.146071	Acc: 0.8195
Time for training this epoch: 45.964s

Epoch 291/300
--------------
Train loss: 0.161986
Val loss: 0.145956	Acc: 0.8195
Time for training this epoch: 46.9063s

Epoch 292/300
--------------
Train loss: 0.161731
Val loss: 0.145843	Acc: 0.8205
Time for training this epoch: 48.889s

Epoch 293/300
--------------
Train loss: 0.161477
Val loss: 0.14573	Acc: 0.8205
Time for training this epoch: 46.4035s

Epoch 294/300
--------------
Train loss: 0.161225
Val loss: 0.145618	Acc: 0.8205
Time for training this epoch: 48.1251s

Epoch 295/300
--------------
Train loss: 0.160972
Val loss: 0.145506	Acc: 0.8205
Time for training this epoch: 51.8986s

Epoch 296/300
--------------
Train loss: 0.160724
Val loss: 0.145395	Acc: 0.8205
Time for training this epoch: 45.9095s

Epoch 297/300
--------------
Train loss: 0.160476
Val loss: 0.145285	Acc: 0.8205
Time for training this epoch: 45.944s

Epoch 298/300
--------------
Train loss: 0.160228
Val loss: 0.145175	Acc: 0.8205
Time for training this epoch: 45.9957s

Epoch 299/300
--------------
Train loss: 0.159981
Val loss: 0.145065	Acc: 0.8205
Time for training this epoch: 45.9887s

Epoch 300/300
--------------
Train loss: 0.159738
Val loss: 0.144957	Acc: 0.8205
Time for training this epoch: 45.9933s
store finish
Finish
